# JRE version: Java(TM) SE Runtime Environment (14.0.2+12) (build 14.0.2+12-46)
# Java VM: Java HotSpot(TM) 64-Bit Server VM (14.0.2+12-46, mixed mode, sharing, tiered, compressed oops, parallel gc, windows-amd64)
Heap:
 PSYoungGen      total 18944K, used 5922K [0x00000000eab00000, 0x00000000ec480000, 0x0000000100000000)
  eden space 12800K, 0% used [0x00000000eab00000,0x00000000eab00000,0x00000000eb780000)
  from space 6144K, 96% used [0x00000000eb900000,0x00000000ebec88c0,0x00000000ebf00000)
  to   space 5632K, 0% used [0x00000000ebf00000,0x00000000ebf00000,0x00000000ec480000)
 ParOldGen       total 95232K, used 91840K [0x00000000c0000000, 0x00000000c5d00000, 0x00000000eab00000)
  object space 95232K, 96% used [0x00000000c0000000,0x00000000c59b0288,0x00000000c5d00000)
 Metaspace       used 46855K, capacity 49874K, committed 50048K, reserved 1093632K
  class space    used 5079K, capacity 6146K, committed 6272K, reserved 1048576K
GC Heap History (20 events):
Event: 14.226 GC heap after
{Heap after GC invocations=20 (full 2):
 PSYoungGen      total 23040K, used 2048K [0x00000000eab00000, 0x00000000eca80000, 0x0000000100000000)
  eden space 20992K, 0% used [0x00000000eab00000,0x00000000eab00000,0x00000000ebf80000)
  from space 2048K, 100% used [0x00000000ec480000,0x00000000ec680000,0x00000000ec680000)
  to   space 5120K, 0% used [0x00000000ebf80000,0x00000000ebf80000,0x00000000ec480000)
 ParOldGen       total 68608K, used 31058K [0x00000000c0000000, 0x00000000c4300000, 0x00000000eab00000)
  object space 68608K, 45% used [0x00000000c0000000,0x00000000c1e54be8,0x00000000c4300000)
 Metaspace       used 41055K, capacity 43631K, committed 43776K, reserved 1087488K
  class space    used 4440K, capacity 5327K, committed 5376K, reserved 1048576K
}
Event: 14.777 GC heap before
{Heap before GC invocations=21 (full 2):
 PSYoungGen      total 23040K, used 23040K [0x00000000eab00000, 0x00000000eca80000, 0x0000000100000000)
  eden space 20992K, 100% used [0x00000000eab00000,0x00000000ebf80000,0x00000000ebf80000)
  from space 2048K, 100% used [0x00000000ec480000,0x00000000ec680000,0x00000000ec680000)
  to   space 5120K, 0% used [0x00000000ebf80000,0x00000000ebf80000,0x00000000ec480000)
 ParOldGen       total 68608K, used 31058K [0x00000000c0000000, 0x00000000c4300000, 0x00000000eab00000)
  object space 68608K, 45% used [0x00000000c0000000,0x00000000c1e54be8,0x00000000c4300000)
 Metaspace       used 41770K, capacity 44407K, committed 44672K, reserved 1089536K
  class space    used 4508K, capacity 5477K, committed 5504K, reserved 1048576K
}
Event: 14.785 GC heap after
{Heap after GC invocations=21 (full 2):
 PSYoungGen      total 23552K, used 2559K [0x00000000eab00000, 0x00000000ec680000, 0x0000000100000000)
  eden space 20992K, 0% used [0x00000000eab00000,0x00000000eab00000,0x00000000ebf80000)
  from space 2560K, 99% used [0x00000000ebf80000,0x00000000ec1ffd40,0x00000000ec200000)
  to   space 3584K, 0% used [0x00000000ec300000,0x00000000ec300000,0x00000000ec680000)
 ParOldGen       total 68608K, used 33121K [0x00000000c0000000, 0x00000000c4300000, 0x00000000eab00000)
  object space 68608K, 48% used [0x00000000c0000000,0x00000000c2058468,0x00000000c4300000)
 Metaspace       used 41770K, capacity 44407K, committed 44672K, reserved 1089536K
  class space    used 4508K, capacity 5477K, committed 5504K, reserved 1048576K
}
Event: 15.772 GC heap before
{Heap before GC invocations=22 (full 2):
 PSYoungGen      total 23552K, used 23551K [0x00000000eab00000, 0x00000000ec680000, 0x0000000100000000)
  eden space 20992K, 100% used [0x00000000eab00000,0x00000000ebf80000,0x00000000ebf80000)
  from space 2560K, 99% used [0x00000000ebf80000,0x00000000ec1ffd40,0x00000000ec200000)
  to   space 3584K, 0% used [0x00000000ec300000,0x00000000ec300000,0x00000000ec680000)
 ParOldGen       total 68608K, used 33121K [0x00000000c0000000, 0x00000000c4300000, 0x00000000eab00000)
  object space 68608K, 48% used [0x00000000c0000000,0x00000000c2058468,0x00000000c4300000)
 Metaspace       used 44023K, capacity 46958K, committed 47104K, reserved 1091584K
  class space    used 4753K, capacity 5792K, committed 5888K, reserved 1048576K
}
Event: 15.780 GC heap after
{Heap after GC invocations=22 (full 2):
 PSYoungGen      total 22528K, used 1527K [0x00000000eab00000, 0x00000000ec480000, 0x0000000100000000)
  eden space 20992K, 0% used [0x00000000eab00000,0x00000000eab00000,0x00000000ebf80000)
  from space 1536K, 99% used [0x00000000ec300000,0x00000000ec47df90,0x00000000ec480000)
  to   space 2048K, 0% used [0x00000000ec080000,0x00000000ec080000,0x00000000ec280000)
 ParOldGen       total 68608K, used 35591K [0x00000000c0000000, 0x00000000c4300000, 0x00000000eab00000)
  object space 68608K, 51% used [0x00000000c0000000,0x00000000c22c1ef0,0x00000000c4300000)
 Metaspace       used 44023K, capacity 46958K, committed 47104K, reserved 1091584K
  class space    used 4753K, capacity 5792K, committed 5888K, reserved 1048576K
}
Event: 16.076 GC heap before
{Heap before GC invocations=23 (full 2):
 PSYoungGen      total 22528K, used 16024K [0x00000000eab00000, 0x00000000ec480000, 0x0000000100000000)
  eden space 20992K, 69% used [0x00000000eab00000,0x00000000eb9281f0,0x00000000ebf80000)
  from space 1536K, 99% used [0x00000000ec300000,0x00000000ec47df90,0x00000000ec480000)
  to   space 2048K, 0% used [0x00000000ec080000,0x00000000ec080000,0x00000000ec280000)
 ParOldGen       total 68608K, used 35591K [0x00000000c0000000, 0x00000000c4300000, 0x00000000eab00000)
  object space 68608K, 51% used [0x00000000c0000000,0x00000000c22c1ef0,0x00000000c4300000)
 Metaspace       used 44426K, capacity 47325K, committed 47616K, reserved 1091584K
  class space    used 4792K, capacity 5828K, committed 5888K, reserved 1048576K
}
Event: 16.086 GC heap after
{Heap after GC invocations=23 (full 2):
 PSYoungGen      total 23040K, used 1641K [0x00000000eab00000, 0x00000000ec380000, 0x0000000100000000)
  eden space 20992K, 0% used [0x00000000eab00000,0x00000000eab00000,0x00000000ebf80000)
  from space 2048K, 80% used [0x00000000ec080000,0x00000000ec21a780,0x00000000ec280000)
  to   space 1024K, 0% used [0x00000000ec280000,0x00000000ec280000,0x00000000ec380000)
 ParOldGen       total 68608K, used 46044K [0x00000000c0000000, 0x00000000c4300000, 0x00000000eab00000)
  object space 68608K, 67% used [0x00000000c0000000,0x00000000c2cf7180,0x00000000c4300000)
 Metaspace       used 44426K, capacity 47325K, committed 47616K, reserved 1091584K
  class space    used 4792K, capacity 5828K, committed 5888K, reserved 1048576K
}
Event: 16.264 GC heap before
{Heap before GC invocations=24 (full 3):
 PSYoungGen      total 23040K, used 22633K [0x00000000eab00000, 0x00000000ec380000, 0x0000000100000000)
  eden space 20992K, 100% used [0x00000000eab00000,0x00000000ebf80000,0x00000000ebf80000)
  from space 2048K, 80% used [0x00000000ec080000,0x00000000ec21a780,0x00000000ec280000)
  to   space 1024K, 0% used [0x00000000ec280000,0x00000000ec280000,0x00000000ec380000)
 ParOldGen       total 91136K, used 83383K [0x00000000c0000000, 0x00000000c5900000, 0x00000000eab00000)
  object space 91136K, 91% used [0x00000000c0000000,0x00000000c516dcd0,0x00000000c5900000)
 Metaspace       used 44688K, capacity 47580K, committed 47872K, reserved 1091584K
  class space    used 4817K, capacity 5851K, committed 5888K, reserved 1048576K
}
Event: 16.403 GC heap after
{Heap after GC invocations=24 (full 3):
 PSYoungGen      total 22016K, used 0K [0x00000000eab00000, 0x00000000ec380000, 0x0000000100000000)
  eden space 20992K, 0% used [0x00000000eab00000,0x00000000eab00000,0x00000000ebf80000)
  from space 1024K, 0% used [0x00000000ec280000,0x00000000ec280000,0x00000000ec380000)
  to   space 2048K, 0% used [0x00000000ebf80000,0x00000000ebf80000,0x00000000ec180000)
 ParOldGen       total 95232K, used 58256K [0x00000000c0000000, 0x00000000c5d00000, 0x00000000eab00000)
  object space 95232K, 61% used [0x00000000c0000000,0x00000000c38e4108,0x00000000c5d00000)
 Metaspace       used 44686K, capacity 47577K, committed 47872K, reserved 1091584K
  class space    used 4816K, capacity 5850K, committed 5888K, reserved 1048576K
}
Event: 16.521 GC heap before
{Heap before GC invocations=25 (full 3):
 PSYoungGen      total 22016K, used 20992K [0x00000000eab00000, 0x00000000ec380000, 0x0000000100000000)
  eden space 20992K, 100% used [0x00000000eab00000,0x00000000ebf80000,0x00000000ebf80000)
  from space 1024K, 0% used [0x00000000ec280000,0x00000000ec280000,0x00000000ec380000)
  to   space 2048K, 0% used [0x00000000ebf80000,0x00000000ebf80000,0x00000000ec180000)
 ParOldGen       total 95232K, used 58256K [0x00000000c0000000, 0x00000000c5d00000, 0x00000000eab00000)
  object space 95232K, 61% used [0x00000000c0000000,0x00000000c38e4108,0x00000000c5d00000)
 Metaspace       used 44715K, capacity 47642K, committed 47872K, reserved 1091584K
  class space    used 4817K, capacity 5850K, committed 5888K, reserved 1048576K
}
Event: 16.530 GC heap after
{Heap after GC invocations=25 (full 3):
 PSYoungGen      total 23040K, used 2048K [0x00000000eab00000, 0x00000000ecf80000, 0x0000000100000000)
  eden space 20992K, 0% used [0x00000000eab00000,0x00000000eab00000,0x00000000ebf80000)
  from space 2048K, 100% used [0x00000000ebf80000,0x00000000ec180000,0x00000000ec180000)
  to   space 8192K, 0% used [0x00000000ec780000,0x00000000ec780000,0x00000000ecf80000)
 ParOldGen       total 95232K, used 63336K [0x00000000c0000000, 0x00000000c5d00000, 0x00000000eab00000)
  object space 95232K, 66% used [0x00000000c0000000,0x00000000c3dda108,0x00000000c5d00000)
 Metaspace       used 44715K, capacity 47642K, committed 47872K, reserved 1091584K
  class space    used 4817K, capacity 5850K, committed 5888K, reserved 1048576K
}
Event: 16.735 GC heap before
{Heap before GC invocations=26 (full 3):
 PSYoungGen      total 23040K, used 23040K [0x00000000eab00000, 0x00000000ecf80000, 0x0000000100000000)
  eden space 20992K, 100% used [0x00000000eab00000,0x00000000ebf80000,0x00000000ebf80000)
  from space 2048K, 100% used [0x00000000ebf80000,0x00000000ec180000,0x00000000ec180000)
  to   space 8192K, 0% used [0x00000000ec780000,0x00000000ec780000,0x00000000ecf80000)
 ParOldGen       total 95232K, used 63336K [0x00000000c0000000, 0x00000000c5d00000, 0x00000000eab00000)
  object space 95232K, 66% used [0x00000000c0000000,0x00000000c3dda108,0x00000000c5d00000)
 Metaspace       used 45406K, capacity 48314K, committed 48512K, reserved 1091584K
  class space    used 4901K, capacity 5946K, committed 6016K, reserved 1048576K
}
Event: 16.754 GC heap after
{Heap after GC invocations=26 (full 3):
 PSYoungGen      total 20992K, used 8172K [0x00000000eab00000, 0x00000000edf80000, 0x0000000100000000)
  eden space 12800K, 0% used [0x00000000eab00000,0x00000000eab00000,0x00000000eb780000)
  from space 8192K, 99% used [0x00000000ec780000,0x00000000ecf7b128,0x00000000ecf80000)
  to   space 16384K, 0% used [0x00000000eb780000,0x00000000eb780000,0x00000000ec780000)
 ParOldGen       total 95232K, used 69568K [0x00000000c0000000, 0x00000000c5d00000, 0x00000000eab00000)
  object space 95232K, 73% used [0x00000000c0000000,0x00000000c43f0108,0x00000000c5d00000)
 Metaspace       used 45406K, capacity 48314K, committed 48512K, reserved 1091584K
  class space    used 4901K, capacity 5946K, committed 6016K, reserved 1048576K
}
Event: 16.811 GC heap before
{Heap before GC invocations=27 (full 3):
 PSYoungGen      total 20992K, used 20972K [0x00000000eab00000, 0x00000000edf80000, 0x0000000100000000)
  eden space 12800K, 100% used [0x00000000eab00000,0x00000000eb780000,0x00000000eb780000)
  from space 8192K, 99% used [0x00000000ec780000,0x00000000ecf7b128,0x00000000ecf80000)
  to   space 16384K, 0% used [0x00000000eb780000,0x00000000eb780000,0x00000000ec780000)
 ParOldGen       total 95232K, used 69568K [0x00000000c0000000, 0x00000000c5d00000, 0x00000000eab00000)
  object space 95232K, 73% used [0x00000000c0000000,0x00000000c43f0108,0x00000000c5d00000)
 Metaspace       used 45807K, capacity 48698K, committed 48768K, reserved 1091584K
  class space    used 4947K, capacity 6010K, committed 6016K, reserved 1048576K
}
Event: 16.829 GC heap after
{Heap after GC invocations=27 (full 3):
 PSYoungGen      total 19456K, used 6560K [0x00000000eab00000, 0x00000000eca80000, 0x0000000100000000)
  eden space 12800K, 0% used [0x00000000eab00000,0x00000000eab00000,0x00000000eb780000)
  from space 6656K, 98% used [0x00000000eb780000,0x00000000ebde8000,0x00000000ebe00000)
  to   space 9728K, 0% used [0x00000000ec100000,0x00000000ec100000,0x00000000eca80000)
 ParOldGen       total 95232K, used 77626K [0x00000000c0000000, 0x00000000c5d00000, 0x00000000eab00000)
  object space 95232K, 81% used [0x00000000c0000000,0x00000000c4bce908,0x00000000c5d00000)
 Metaspace       used 45807K, capacity 48698K, committed 48768K, reserved 1091584K
  class space    used 4947K, capacity 6010K, committed 6016K, reserved 1048576K
}
Event: 16.918 GC heap before
{Heap before GC invocations=28 (full 3):
 PSYoungGen      total 19456K, used 19360K [0x00000000eab00000, 0x00000000eca80000, 0x0000000100000000)
  eden space 12800K, 100% used [0x00000000eab00000,0x00000000eb780000,0x00000000eb780000)
  from space 6656K, 98% used [0x00000000eb780000,0x00000000ebde8000,0x00000000ebe00000)
  to   space 9728K, 0% used [0x00000000ec100000,0x00000000ec100000,0x00000000eca80000)
 ParOldGen       total 95232K, used 77626K [0x00000000c0000000, 0x00000000c5d00000, 0x00000000eab00000)
  object space 95232K, 81% used [0x00000000c0000000,0x00000000c4bce908,0x00000000c5d00000)
 Metaspace       used 46089K, capacity 48986K, committed 49152K, reserved 1091584K
  class space    used 4987K, capacity 6042K, committed 6144K, reserved 1048576K
}
Event: 16.935 GC heap after
{Heap after GC invocations=28 (full 3):
 PSYoungGen      total 20992K, used 7703K [0x00000000eab00000, 0x00000000ec900000, 0x0000000100000000)
  eden space 12800K, 0% used [0x00000000eab00000,0x00000000eab00000,0x00000000eb780000)
  from space 8192K, 94% used [0x00000000ec100000,0x00000000ec885c20,0x00000000ec900000)
  to   space 8192K, 0% used [0x00000000eb900000,0x00000000eb900000,0x00000000ec100000)
 ParOldGen       total 95232K, used 84154K [0x00000000c0000000, 0x00000000c5d00000, 0x00000000eab00000)
  object space 95232K, 88% used [0x00000000c0000000,0x00000000c522e908,0x00000000c5d00000)
 Metaspace       used 46089K, capacity 48986K, committed 49152K, reserved 1091584K
  class space    used 4987K, capacity 6042K, committed 6144K, reserved 1048576K
}
Event: 17.105 GC heap before
{Heap before GC invocations=29 (full 3):
 PSYoungGen      total 20992K, used 20491K [0x00000000eab00000, 0x00000000ec900000, 0x0000000100000000)
  eden space 12800K, 99% used [0x00000000eab00000,0x00000000eb77d010,0x00000000eb780000)
  from space 8192K, 94% used [0x00000000ec100000,0x00000000ec885c20,0x00000000ec900000)
  to   space 8192K, 0% used [0x00000000eb900000,0x00000000eb900000,0x00000000ec100000)
 ParOldGen       total 95232K, used 84154K [0x00000000c0000000, 0x00000000c5d00000, 0x00000000eab00000)
  object space 95232K, 88% used [0x00000000c0000000,0x00000000c522e908,0x00000000c5d00000)
 Metaspace       used 46855K, capacity 49874K, committed 50048K, reserved 1093632K
  class space    used 5079K, capacity 6146K, committed 6272K, reserved 1048576K
}
Event: 17.121 GC heap after
{Heap after GC invocations=29 (full 3):
 PSYoungGen      total 18944K, used 5922K [0x00000000eab00000, 0x00000000ec480000, 0x0000000100000000)
  eden space 12800K, 0% used [0x00000000eab00000,0x00000000eab00000,0x00000000eb780000)
  from space 6144K, 96% used [0x00000000eb900000,0x00000000ebec88c0,0x00000000ebf00000)
  to   space 5632K, 0% used [0x00000000ebf00000,0x00000000ebf00000,0x00000000ec480000)
 ParOldGen       total 95232K, used 91840K [0x00000000c0000000, 0x00000000c5d00000, 0x00000000eab00000)
  object space 95232K, 96% used [0x00000000c0000000,0x00000000c59b0288,0x00000000c5d00000)
 Metaspace       used 46855K, capacity 49874K, committed 50048K, reserved 1093632K
  class space    used 5079K, capacity 6146K, committed 6272K, reserved 1048576K
}
Event: 17.121 GC heap before
{Heap before GC invocations=30 (full 4):
 PSYoungGen      total 18944K, used 5922K [0x00000000eab00000, 0x00000000ec480000, 0x0000000100000000)
  eden space 12800K, 0% used [0x00000000eab00000,0x00000000eab00000,0x00000000eb780000)
  from space 6144K, 96% used [0x00000000eb900000,0x00000000ebec88c0,0x00000000ebf00000)
  to   space 5632K, 0% used [0x00000000ebf00000,0x00000000ebf00000,0x00000000ec480000)
 ParOldGen       total 95232K, used 91840K [0x00000000c0000000, 0x00000000c5d00000, 0x00000000eab00000)
  object space 95232K, 96% used [0x00000000c0000000,0x00000000c59b0288,0x00000000c5d00000)
 Metaspace       used 46855K, capacity 49874K, committed 50048K, reserved 1093632K
  class space    used 5079K, capacity 6146K, committed 6272K, reserved 1048576K
}

